{
  "stats": {
    "suites": 1,
    "tests": 2,
    "passes": 2,
    "pending": 0,
    "failures": 0,
    "start": "2023-12-22T10:35:40.865Z",
    "end": "2023-12-22T10:35:57.359Z",
    "duration": 16494,
    "testsRegistered": 2,
    "passPercent": 100,
    "pendingPercent": 0,
    "other": 0,
    "hasOther": false,
    "skipped": 0,
    "hasSkipped": false
  },
  "results": [
    {
      "uuid": "936565fb-c73d-406b-9fac-090778a4e8e0",
      "title": "",
      "fullFile": "cypress\\e2e\\ui.cy.ts",
      "file": "cypress\\e2e\\ui.cy.ts",
      "beforeHooks": [],
      "afterHooks": [],
      "tests": [],
      "suites": [
        {
          "uuid": "ddf7e728-531a-4710-baa4-e38808ac47ce",
          "title": "Klanglandschaft UI",
          "fullFile": "",
          "file": "",
          "beforeHooks": [],
          "afterHooks": [],
          "tests": [
            {
              "title": "navigate to sound editor",
              "fullTitle": "Klanglandschaft UI navigate to sound editor",
              "timedOut": null,
              "duration": 6998,
              "state": "passed",
              "speed": "medium",
              "pass": true,
              "fail": false,
              "pending": false,
              "context": null,
              "code": "cy.visit('http://localhost:5173/');\ncy.contains('Start Exploring', { timeout: 100000 }).click();\ncy.contains('start').click();\ncy.get('#editor-button').click();",
              "err": {},
              "uuid": "956aa730-4457-4fca-9995-df7e9e8b3e91",
              "parentUUID": "ddf7e728-531a-4710-baa4-e38808ac47ce",
              "isHook": false,
              "skipped": false
            },
            {
              "title": "move around the map",
              "fullTitle": "Klanglandschaft UI move around the map",
              "timedOut": null,
              "duration": 6550,
              "state": "passed",
              "speed": "medium",
              "pass": true,
              "fail": false,
              "pending": false,
              "context": null,
              "code": "cy.visit('http://localhost:5173/');\ncy.contains('Start Exploring', { timeout: 100000 }).click();\ncy.contains('start').click();\ncy.get('#canvas-root').trigger('mousedown', { which: 1 });\ncy.get('#canvas-root').trigger('mousemove', { clientX: 100, clientY: 100 });\ncy.get('#canvas-root').trigger('mouseup', { force: true });",
              "err": {},
              "uuid": "f56016a5-3548-4551-845f-28656d5fdfc9",
              "parentUUID": "ddf7e728-531a-4710-baa4-e38808ac47ce",
              "isHook": false,
              "skipped": false
            }
          ],
          "suites": [],
          "passes": [
            "956aa730-4457-4fca-9995-df7e9e8b3e91",
            "f56016a5-3548-4551-845f-28656d5fdfc9"
          ],
          "failures": [],
          "pending": [],
          "skipped": [],
          "duration": 13548,
          "root": false,
          "rootEmpty": false,
          "_timeout": 2000
        }
      ],
      "passes": [],
      "failures": [],
      "pending": [],
      "skipped": [],
      "duration": 0,
      "root": true,
      "rootEmpty": true,
      "_timeout": 2000
    }
  ],
  "meta": {
    "mocha": {
      "version": "7.0.1"
    },
    "mochawesome": {
      "options": {
        "quiet": false,
        "reportFilename": "mochawesome",
        "saveHtml": true,
        "saveJson": true,
        "consoleReporter": "spec",
        "useInlineDiffs": false,
        "code": true
      },
      "version": "7.1.3"
    },
    "marge": {
      "options": null,
      "version": "6.2.0"
    }
  }
}